0 info it worked if it ends with ok
1 verbose cli [ '/usr/local/bin/node',
1 verbose cli   '/Users/GonzaloZiadi/.node/bin/npm',
1 verbose cli   'install',
1 verbose cli   '-g',
1 verbose cli   'bower' ]
2 info using npm@3.5.2
3 info using node@v4.4.7
4 silly loadCurrentTree Starting
5 silly install loadCurrentTree
6 silly install readGlobalPackageData
7 silly fetchPackageMetaData bower
8 silly fetchNamedPackageData bower
9 silly mapToRegistry name bower
10 silly mapToRegistry using default registry
11 silly mapToRegistry registry https://registry.npmjs.org/
12 silly mapToRegistry uri https://registry.npmjs.org/bower
13 verbose request uri https://registry.npmjs.org/bower
14 verbose request no auth needed
15 info attempt registry request try #1 at 2:12:05 PM
16 verbose request id c92341659d746eed
17 verbose etag "EULNNYOSH1A536K87PYZOZ5CW"
18 http request GET https://registry.npmjs.org/bower
19 http 304 https://registry.npmjs.org/bower
20 verbose headers { date: 'Tue, 02 Aug 2016 18:12:07 GMT',
20 verbose headers   via: '1.1 varnish',
20 verbose headers   'cache-control': 'max-age=300',
20 verbose headers   etag: '"EULNNYOSH1A536K87PYZOZ5CW"',
20 verbose headers   age: '50',
20 verbose headers   connection: 'keep-alive',
20 verbose headers   'x-served-by': 'cache-iad2641-IAD',
20 verbose headers   'x-cache': 'HIT',
20 verbose headers   'x-cache-hits': '1',
20 verbose headers   'x-timer': 'S1470161527.151830,VS0,VE0',
20 verbose headers   vary: 'Accept-Encoding' }
21 silly get cb [ 304,
21 silly get   { date: 'Tue, 02 Aug 2016 18:12:07 GMT',
21 silly get     via: '1.1 varnish',
21 silly get     'cache-control': 'max-age=300',
21 silly get     etag: '"EULNNYOSH1A536K87PYZOZ5CW"',
21 silly get     age: '50',
21 silly get     connection: 'keep-alive',
21 silly get     'x-served-by': 'cache-iad2641-IAD',
21 silly get     'x-cache': 'HIT',
21 silly get     'x-cache-hits': '1',
21 silly get     'x-timer': 'S1470161527.151830,VS0,VE0',
21 silly get     vary: 'Accept-Encoding' } ]
22 verbose etag https://registry.npmjs.org/bower from cache
23 verbose get saving bower to /Users/GonzaloZiadi/.npm/registry.npmjs.org/bower/.cache.json
24 silly install normalizeTree
25 silly loadCurrentTree Finishing
26 silly loadIdealTree Starting
27 silly install loadIdealTree
28 silly cloneCurrentTree Starting
29 silly install cloneCurrentTreeToIdealTree
30 silly cloneCurrentTree Finishing
31 silly loadShrinkwrap Starting
32 silly install loadShrinkwrap
33 silly loadShrinkwrap Finishing
34 silly loadAllDepsIntoIdealTree Starting
35 silly install loadAllDepsIntoIdealTree
36 silly resolveWithNewModule bower@1.7.9 checking installable status
37 silly cache add args [ 'bower', null ]
38 verbose cache add spec bower
39 silly cache add parsed spec Result {
39 silly cache add   raw: 'bower',
39 silly cache add   scope: null,
39 silly cache add   name: 'bower',
39 silly cache add   rawSpec: '',
39 silly cache add   spec: 'latest',
39 silly cache add   type: 'tag' }
40 silly addNamed bower@latest
41 verbose addNamed "latest" is being treated as a dist-tag for bower
42 info addNameTag [ 'bower', 'latest' ]
43 silly mapToRegistry name bower
44 silly mapToRegistry using default registry
45 silly mapToRegistry registry https://registry.npmjs.org/
46 silly mapToRegistry uri https://registry.npmjs.org/bower
47 verbose addNameTag registry:https://registry.npmjs.org/bower not in flight; fetching
48 verbose get https://registry.npmjs.org/bower not expired, no request
49 silly addNameTag next cb for bower with tag latest
50 silly addNamed bower@1.7.9
51 verbose addNamed "1.7.9" is a plain semver version for bower
52 silly cache afterAdd bower@1.7.9
53 verbose afterAdd /Users/GonzaloZiadi/.npm/bower/1.7.9/package/package.json not in flight; writing
54 verbose afterAdd /Users/GonzaloZiadi/.npm/bower/1.7.9/package/package.json written
55 silly loadAllDepsIntoIdealTree Finishing
56 silly idealTree:prePrune lib
56 silly idealTree:prePrune └── bower@1.7.9
57 silly loadIdealTree Finishing
58 silly currentTree lib
58 silly currentTree └─┬ bower@1.6.3
58 silly currentTree   ├── abbrev@1.0.7
58 silly currentTree   ├── archy@1.0.0
58 silly currentTree   ├─┬ bower-config@1.2.2
58 silly currentTree   │ ├── graceful-fs@4.1.2
58 silly currentTree   │ ├─┬ optimist@0.6.1
58 silly currentTree   │ │ ├── minimist@0.0.10
58 silly currentTree   │ │ └── wordwrap@0.0.3
58 silly currentTree   │ └─┬ osenv@0.1.3
58 silly currentTree   │   ├── os-homedir@1.0.1
58 silly currentTree   │   └── os-tmpdir@1.0.1
58 silly currentTree   ├── bower-endpoint-parser@0.2.2
58 silly currentTree   ├─┬ bower-json@0.4.0
58 silly currentTree   │ ├── deep-extend@0.2.11
58 silly currentTree   │ ├── graceful-fs@2.0.3
58 silly currentTree   │ └── intersect@0.0.3
58 silly currentTree   ├── bower-logger@0.2.2
58 silly currentTree   ├─┬ bower-registry-client@1.0.0
58 silly currentTree   │ ├── async@0.2.10
58 silly currentTree   │ ├── graceful-fs@4.1.2
58 silly currentTree   │ ├── mkdirp@0.3.5
58 silly currentTree   │ └── request-replay@0.2.0
58 silly currentTree   ├─┬ cardinal@0.4.4
58 silly currentTree   │ ├── ansicolors@0.2.1
58 silly currentTree   │ └─┬ redeyed@0.4.4
58 silly currentTree   │   └── esprima@1.0.4
58 silly currentTree   ├─┬ chalk@1.1.1
58 silly currentTree   │ ├── ansi-styles@2.1.0
58 silly currentTree   │ ├── escape-string-regexp@1.0.3
58 silly currentTree   │ ├─┬ has-ansi@2.0.0
58 silly currentTree   │ │ └── ansi-regex@2.0.0
58 silly currentTree   │ ├─┬ strip-ansi@3.0.0
58 silly currentTree   │ │ └── ansi-regex@2.0.0
58 silly currentTree   │ └── supports-color@2.0.0
58 silly currentTree   ├── chmodr@1.0.2
58 silly currentTree   ├─┬ configstore@0.3.2
58 silly currentTree   │ ├─┬ js-yaml@3.4.3
58 silly currentTree   │ │ ├─┬ argparse@1.0.2
58 silly currentTree   │ │ │ ├── lodash@3.10.1
58 silly currentTree   │ │ │ └── sprintf-js@1.0.3
58 silly currentTree   │ │ └── esprima@2.6.0
58 silly currentTree   │ ├── object-assign@2.1.1
58 silly currentTree   │ ├─┬ osenv@0.1.3
58 silly currentTree   │ │ ├── os-homedir@1.0.1
58 silly currentTree   │ │ └── os-tmpdir@1.0.1
58 silly currentTree   │ ├── uuid@2.0.1
58 silly currentTree   │ └── xdg-basedir@1.0.1
58 silly currentTree   ├─┬ decompress-zip@0.1.0
58 silly currentTree   │ ├─┬ binary@0.3.0
58 silly currentTree   │ │ ├── buffers@0.1.1
58 silly currentTree   │ │ └─┬ chainsaw@0.1.0
58 silly currentTree   │ │   └── traverse@0.3.9
58 silly currentTree   │ ├── mkpath@0.1.0
58 silly currentTree   │ ├─┬ readable-stream@1.1.13
58 silly currentTree   │ │ ├── core-util-is@1.0.1
58 silly currentTree   │ │ ├── inherits@2.0.1
58 silly currentTree   │ │ ├── isarray@0.0.1
58 silly currentTree   │ │ └── string_decoder@0.10.31
58 silly currentTree   │ └─┬ touch@0.0.3
58 silly currentTree   │   └── nopt@1.0.10
58 silly currentTree   ├── destroy@1.0.3
58 silly currentTree   ├─┬ fs-write-stream-atomic@1.0.4
58 silly currentTree   │ └── graceful-fs@4.1.2
58 silly currentTree   ├─┬ fstream-ignore@1.0.2
58 silly currentTree   │ ├── inherits@2.0.1
58 silly currentTree   │ └─┬ minimatch@2.0.10
58 silly currentTree   │   └─┬ brace-expansion@1.1.1
58 silly currentTree   │     ├── balanced-match@0.2.0
58 silly currentTree   │     └── concat-map@0.0.1
58 silly currentTree   ├─┬ fstream@1.0.8
58 silly currentTree   │ ├── graceful-fs@4.1.2
58 silly currentTree   │ └── inherits@2.0.1
58 silly currentTree   ├─┬ github@0.2.4
58 silly currentTree   │ └── mime@1.3.4
58 silly currentTree   ├─┬ glob@4.5.3
58 silly currentTree   │ ├─┬ inflight@1.0.4
58 silly currentTree   │ │ └── wrappy@1.0.1
58 silly currentTree   │ ├── inherits@2.0.1
58 silly currentTree   │ ├─┬ minimatch@2.0.10
58 silly currentTree   │ │ └─┬ brace-expansion@1.1.1
58 silly currentTree   │ │   ├── balanced-match@0.2.0
58 silly currentTree   │ │   └── concat-map@0.0.1
58 silly currentTree   │ └─┬ once@1.3.2
58 silly currentTree   │   └── wrappy@1.0.1
58 silly currentTree   ├── graceful-fs@3.0.8
58 silly currentTree   ├─┬ handlebars@2.0.0
58 silly currentTree   │ ├─┬ optimist@0.3.7
58 silly currentTree   │ │ └── wordwrap@0.0.3
58 silly currentTree   │ └─┬ uglify-js@2.3.6
58 silly currentTree   │   ├── async@0.2.10
58 silly currentTree   │   └─┬ source-map@0.1.43
58 silly currentTree   │     └── amdefine@1.0.0
58 silly currentTree   ├─┬ inquirer@0.10.0
58 silly currentTree   │ ├── ansi-escapes@1.1.0
58 silly currentTree   │ ├── ansi-regex@2.0.0
58 silly currentTree   │ ├─┬ cli-cursor@1.0.2
58 silly currentTree   │ │ └─┬ restore-cursor@1.0.1
58 silly currentTree   │ │   ├── exit-hook@1.1.1
58 silly currentTree   │ │   └── onetime@1.0.0
58 silly currentTree   │ ├── cli-width@1.0.1
58 silly currentTree   │ ├── figures@1.4.0
58 silly currentTree   │ ├── lodash@3.10.1
58 silly currentTree   │ ├─┬ readline2@1.0.1
58 silly currentTree   │ │ ├─┬ code-point-at@1.0.0
58 silly currentTree   │ │ │ └── number-is-nan@1.0.0
58 silly currentTree   │ │ ├─┬ is-fullwidth-code-point@1.0.0
58 silly currentTree   │ │ │ └── number-is-nan@1.0.0
58 silly currentTree   │ │ └── mute-stream@0.0.5
58 silly currentTree   │ ├─┬ run-async@0.1.0
58 silly currentTree   │ │ └─┬ once@1.3.2
58 silly currentTree   │ │   └── wrappy@1.0.1
58 silly currentTree   │ ├── rx-lite@3.1.2
58 silly currentTree   │ ├── strip-ansi@3.0.0
58 silly currentTree   │ └── through@2.3.8
58 silly currentTree   ├─┬ insight@0.7.0
58 silly currentTree   │ ├── async@1.4.2
58 silly currentTree   │ ├─┬ configstore@1.2.1
58 silly currentTree   │ │ ├── graceful-fs@4.1.2
58 silly currentTree   │ │ ├── object-assign@3.0.0
58 silly currentTree   │ │ ├── os-tmpdir@1.0.1
58 silly currentTree   │ │ ├─┬ osenv@0.1.3
58 silly currentTree   │ │ │ └── os-homedir@1.0.1
58 silly currentTree   │ │ ├── uuid@2.0.1
58 silly currentTree   │ │ ├─┬ write-file-atomic@1.1.3
58 silly currentTree   │ │ │ └── slide@1.1.6
58 silly currentTree   │ │ └─┬ xdg-basedir@2.0.0
58 silly currentTree   │ │   └── os-homedir@1.0.1
58 silly currentTree   │ ├─┬ lodash.debounce@3.1.1
58 silly currentTree   │ │ └── lodash._getnative@3.9.1
58 silly currentTree   │ ├── object-assign@4.0.1
58 silly currentTree   │ ├─┬ os-name@1.0.3
58 silly currentTree   │ │ ├─┬ osx-release@1.1.0
58 silly currentTree   │ │ │ └── minimist@1.2.0
58 silly currentTree   │ │ └─┬ win-release@1.1.1
58 silly currentTree   │ │   └── semver@5.0.3
58 silly currentTree   │ └── tough-cookie@2.2.0
58 silly currentTree   ├── is-root@1.0.0
58 silly currentTree   ├── junk@1.0.2
58 silly currentTree   ├── lockfile@1.0.1
58 silly currentTree   ├── lru-cache@2.7.0
58 silly currentTree   ├─┬ md5-hex@1.1.0
58 silly currentTree   │ └── md5-o-matic@0.1.1
58 silly currentTree   ├─┬ mkdirp@0.5.0
58 silly currentTree   │ └── minimist@0.0.8
58 silly currentTree   ├── mout@0.11.0
58 silly currentTree   ├── nopt@3.0.4
58 silly currentTree   ├── opn@1.0.2
58 silly currentTree   ├─┬ p-throttler@0.1.1
58 silly currentTree   │ └── q@0.9.7
58 silly currentTree   ├─┬ promptly@0.2.0
58 silly currentTree   │ └─┬ read@1.0.7
58 silly currentTree   │   └── mute-stream@0.0.5
58 silly currentTree   ├── q@1.4.1
58 silly currentTree   ├─┬ request-progress@0.3.1
58 silly currentTree   │ └── throttleit@0.0.2
58 silly currentTree   ├─┬ request@2.53.0
58 silly currentTree   │ ├── aws-sign2@0.5.0
58 silly currentTree   │ ├─┬ bl@0.9.4
58 silly currentTree   │ │ └─┬ readable-stream@1.0.33
58 silly currentTree   │ │   ├── core-util-is@1.0.1
58 silly currentTree   │ │   ├── inherits@2.0.1
58 silly currentTree   │ │   ├── isarray@0.0.1
58 silly currentTree   │ │   └── string_decoder@0.10.31
58 silly currentTree   │ ├── caseless@0.9.0
58 silly currentTree   │ ├─┬ combined-stream@0.0.7
58 silly currentTree   │ │ └── delayed-stream@0.0.5
58 silly currentTree   │ ├── forever-agent@0.5.2
58 silly currentTree   │ ├─┬ form-data@0.2.0
58 silly currentTree   │ │ └── async@0.9.2
58 silly currentTree   │ ├─┬ hawk@2.3.1
58 silly currentTree   │ │ ├── boom@2.9.0
58 silly currentTree   │ │ ├── cryptiles@2.0.5
58 silly currentTree   │ │ ├── hoek@2.16.3
58 silly currentTree   │ │ └── sntp@1.0.9
58 silly currentTree   │ ├─┬ http-signature@0.10.1
58 silly currentTree   │ │ ├── asn1@0.1.11
58 silly currentTree   │ │ ├── assert-plus@0.1.5
58 silly currentTree   │ │ └── ctype@0.5.3
58 silly currentTree   │ ├── isstream@0.1.2
58 silly currentTree   │ ├── json-stringify-safe@5.0.1
58 silly currentTree   │ ├─┬ mime-types@2.0.14
58 silly currentTree   │ │ └── mime-db@1.12.0
58 silly currentTree   │ ├── node-uuid@1.4.3
58 silly currentTree   │ ├── oauth-sign@0.6.0
58 silly currentTree   │ ├── qs@2.3.3
58 silly currentTree   │ ├── stringstream@0.0.4
58 silly currentTree   │ ├── tough-cookie@2.2.0
58 silly currentTree   │ └── tunnel-agent@0.4.1
58 silly currentTree   ├── retry@0.6.1
58 silly currentTree   ├─┬ rimraf@2.4.3
58 silly currentTree   │ └─┬ glob@5.0.15
58 silly currentTree   │   ├─┬ inflight@1.0.4
58 silly currentTree   │   │ └── wrappy@1.0.1
58 silly currentTree   │   ├── inherits@2.0.1
58 silly currentTree   │   ├─┬ minimatch@3.0.0
58 silly currentTree   │   │ └─┬ brace-expansion@1.1.1
58 silly currentTree   │   │   ├── balanced-match@0.2.0
58 silly currentTree   │   │   └── concat-map@0.0.1
58 silly currentTree   │   ├─┬ once@1.3.2
58 silly currentTree   │   │ └── wrappy@1.0.1
58 silly currentTree   │   └── path-is-absolute@1.0.0
58 silly currentTree   ├── semver@2.3.2
58 silly currentTree   ├─┬ shell-quote@1.4.3
58 silly currentTree   │ ├── array-filter@0.0.1
58 silly currentTree   │ ├── array-map@0.0.0
58 silly currentTree   │ ├── array-reduce@0.0.0
58 silly currentTree   │ └── jsonify@0.0.0
58 silly currentTree   ├── stringify-object@1.0.1
58 silly currentTree   ├─┬ tar-fs@1.8.1
58 silly currentTree   │ ├─┬ pump@1.0.0
58 silly currentTree   │ │ ├── end-of-stream@1.1.0
58 silly currentTree   │ │ └─┬ once@1.3.2
58 silly currentTree   │ │   └── wrappy@1.0.1
58 silly currentTree   │ └─┬ tar-stream@1.2.1
58 silly currentTree   │   ├── bl@1.0.0
58 silly currentTree   │   ├─┬ end-of-stream@1.1.0
58 silly currentTree   │   │ └─┬ once@1.3.2
58 silly currentTree   │   │   └── wrappy@1.0.1
58 silly currentTree   │   ├─┬ readable-stream@2.0.2
58 silly currentTree   │   │ ├── core-util-is@1.0.1
58 silly currentTree   │   │ ├── inherits@2.0.1
58 silly currentTree   │   │ ├── isarray@0.0.1
58 silly currentTree   │   │ ├── process-nextick-args@1.0.3
58 silly currentTree   │   │ ├── string_decoder@0.10.31
58 silly currentTree   │   │ └── util-deprecate@1.0.2
58 silly currentTree   │   └── xtend@4.0.0
58 silly currentTree   ├── tmp@0.0.24
58 silly currentTree   ├─┬ update-notifier@0.3.2
58 silly currentTree   │ ├── is-npm@1.0.0
58 silly currentTree   │ ├─┬ latest-version@1.0.1
58 silly currentTree   │ │ └─┬ package-json@1.2.0
58 silly currentTree   │ │   ├─┬ got@3.3.1
58 silly currentTree   │ │   │ ├─┬ duplexify@3.4.2
58 silly currentTree   │ │   │ │ ├─┬ end-of-stream@1.0.0
58 silly currentTree   │ │   │ │ │ └─┬ once@1.3.2
58 silly currentTree   │ │   │ │ │   └── wrappy@1.0.1
58 silly currentTree   │ │   │ │ └─┬ readable-stream@2.0.2
58 silly currentTree   │ │   │ │   ├── core-util-is@1.0.1
58 silly currentTree   │ │   │ │   ├── inherits@2.0.1
58 silly currentTree   │ │   │ │   ├── isarray@0.0.1
58 silly currentTree   │ │   │ │   ├── process-nextick-args@1.0.3
58 silly currentTree   │ │   │ │   ├── string_decoder@0.10.31
58 silly currentTree   │ │   │ │   └── util-deprecate@1.0.2
58 silly currentTree   │ │   │ ├── infinity-agent@2.0.3
58 silly currentTree   │ │   │ ├── is-redirect@1.0.0
58 silly currentTree   │ │   │ ├── is-stream@1.0.1
58 silly currentTree   │ │   │ ├── lowercase-keys@1.0.0
58 silly currentTree   │ │   │ ├─┬ nested-error-stacks@1.0.1
58 silly currentTree   │ │   │ │ └── inherits@2.0.1
58 silly currentTree   │ │   │ ├── object-assign@3.0.0
58 silly currentTree   │ │   │ ├── prepend-http@1.0.3
58 silly currentTree   │ │   │ ├─┬ read-all-stream@3.0.1
58 silly currentTree   │ │   │ │ ├─┬ pinkie-promise@1.0.0
58 silly currentTree   │ │   │ │ │ └── pinkie@1.0.0
58 silly currentTree   │ │   │ │ └─┬ readable-stream@2.0.2
58 silly currentTree   │ │   │ │   ├── core-util-is@1.0.1
58 silly currentTree   │ │   │ │   ├── inherits@2.0.1
58 silly currentTree   │ │   │ │   ├── isarray@0.0.1
58 silly currentTree   │ │   │ │   ├── process-nextick-args@1.0.3
58 silly currentTree   │ │   │ │   ├── string_decoder@0.10.31
58 silly currentTree   │ │   │ │   └── util-deprecate@1.0.2
58 silly currentTree   │ │   │ └── timed-out@2.0.0
58 silly currentTree   │ │   └─┬ registry-url@3.0.3
58 silly currentTree   │ │     └─┬ rc@1.1.2
58 silly currentTree   │ │       ├── deep-extend@0.2.11
58 silly currentTree   │ │       ├── ini@1.3.4
58 silly currentTree   │ │       ├── minimist@1.2.0
58 silly currentTree   │ │       └── strip-json-comments@0.1.3
58 silly currentTree   │ ├─┬ semver-diff@2.0.0
58 silly currentTree   │ │ └── semver@4.3.6
58 silly currentTree   │ └─┬ string-length@1.0.1
58 silly currentTree   │   └─┬ strip-ansi@3.0.0
58 silly currentTree   │     └── ansi-regex@2.0.0
58 silly currentTree   ├── user-home@1.1.1
58 silly currentTree   └─┬ which@1.2.0
58 silly currentTree     └─┬ is-absolute@0.1.7
58 silly currentTree       └── is-relative@0.1.3
59 silly idealTree lib
59 silly idealTree └── bower@1.7.9
60 silly generateActionsToTake Starting
61 silly install generateActionsToTake
62 warn checkPermissions Missing write access to /Users/GonzaloZiadi/.node/lib/node_modules/bower/node_modules/archy
63 warn checkPermissions Missing write access to /Users/GonzaloZiadi/.node/lib/node_modules/bower/node_modules/abbrev
64 warn checkPermissions Missing write access to /Users/GonzaloZiadi/.node/lib/node_modules/bower/node_modules/bower-config/node_modules/graceful-fs
65 warn checkPermissions Missing write access to /Users/GonzaloZiadi/.node/lib/node_modules/bower/node_modules/bower-config/node_modules/optimist/node_modules/minimist
66 warn checkPermissions Missing write access to /Users/GonzaloZiadi/.node/lib/node_modules/bower/node_modules/bower-config/node_modules/optimist/node_modules/wordwrap
67 warn checkPermissions Missing write access to /Users/GonzaloZiadi/.node/lib/node_modules/bower/node_modules/bower-config/node_modules/optimist
68 warn checkPermissions Missing write access to /Users/GonzaloZiadi/.node/lib/node_modules/bower/node_modules/bower-config/node_modules/osenv/node_modules/os-homedir
69 warn checkPermissions Missing write access to /Users/GonzaloZiadi/.node/lib/node_modules/bower/node_modules/bower-config/node_modules/osenv/node_modules/os-tmpdir
70 warn checkPermissions Missing write access to /Users/GonzaloZiadi/.node/lib/node_modules/bower/node_modules/bower-config/node_modules/osenv
71 warn checkPermissions Missing write access to /Users/GonzaloZiadi/.node/lib/node_modules/bower/node_modules/bower-endpoint-parser
72 warn checkPermissions Missing write access to /Users/GonzaloZiadi/.node/lib/node_modules/bower/node_modules/bower-json/node_modules/deep-extend
73 warn checkPermissions Missing write access to /Users/GonzaloZiadi/.node/lib/node_modules/bower/node_modules/bower-json/node_modules/graceful-fs
74 warn checkPermissions Missing write access to /Users/GonzaloZiadi/.node/lib/node_modules/bower/node_modules/bower-json/node_modules/intersect
75 warn checkPermissions Missing write access to /Users/GonzaloZiadi/.node/lib/node_modules/bower/node_modules/bower-logger
76 warn checkPermissions Missing write access to /Users/GonzaloZiadi/.node/lib/node_modules/bower/node_modules/bower-json
77 warn checkPermissions Missing write access to /Users/GonzaloZiadi/.node/lib/node_modules/bower/node_modules/bower-registry-client/node_modules/async
78 warn checkPermissions Missing write access to /Users/GonzaloZiadi/.node/lib/node_modules/bower/node_modules/bower-registry-client/node_modules/graceful-fs
79 warn checkPermissions Missing write access to /Users/GonzaloZiadi/.node/lib/node_modules/bower/node_modules/bower-registry-client/node_modules/mkdirp
80 warn checkPermissions Missing write access to /Users/GonzaloZiadi/.node/lib/node_modules/bower/node_modules/cardinal/node_modules/ansicolors
81 warn checkPermissions Missing write access to /Users/GonzaloZiadi/.node/lib/node_modules/bower/node_modules/cardinal/node_modules/redeyed/node_modules/esprima
82 warn checkPermissions Missing write access to /Users/GonzaloZiadi/.node/lib/node_modules/bower/node_modules/cardinal/node_modules/redeyed
83 warn checkPermissions Missing write access to /Users/GonzaloZiadi/.node/lib/node_modules/bower/node_modules/cardinal
84 warn checkPermissions Missing write access to /Users/GonzaloZiadi/.node/lib/node_modules/bower/node_modules/chalk/node_modules/ansi-styles
85 warn checkPermissions Missing write access to /Users/GonzaloZiadi/.node/lib/node_modules/bower/node_modules/chalk/node_modules/escape-string-regexp
86 warn checkPermissions Missing write access to /Users/GonzaloZiadi/.node/lib/node_modules/bower/node_modules/chalk/node_modules/has-ansi/node_modules/ansi-regex
87 warn checkPermissions Missing write access to /Users/GonzaloZiadi/.node/lib/node_modules/bower/node_modules/chalk/node_modules/has-ansi
88 warn checkPermissions Missing write access to /Users/GonzaloZiadi/.node/lib/node_modules/bower/node_modules/chalk/node_modules/strip-ansi/node_modules/ansi-regex
89 warn checkPermissions Missing write access to /Users/GonzaloZiadi/.node/lib/node_modules/bower/node_modules/chalk/node_modules/strip-ansi
90 warn checkPermissions Missing write access to /Users/GonzaloZiadi/.node/lib/node_modules/bower/node_modules/chalk/node_modules/supports-color
91 warn checkPermissions Missing write access to /Users/GonzaloZiadi/.node/lib/node_modules/bower/node_modules/chalk
92 warn checkPermissions Missing write access to /Users/GonzaloZiadi/.node/lib/node_modules/bower/node_modules/chmodr
93 warn checkPermissions Missing write access to /Users/GonzaloZiadi/.node/lib/node_modules/bower/node_modules/configstore/node_modules/js-yaml/node_modules/argparse/node_modules/lodash
94 warn checkPermissions Missing write access to /Users/GonzaloZiadi/.node/lib/node_modules/bower/node_modules/configstore/node_modules/js-yaml/node_modules/argparse/node_modules/sprintf-js
95 warn checkPermissions Missing write access to /Users/GonzaloZiadi/.node/lib/node_modules/bower/node_modules/configstore/node_modules/js-yaml/node_modules/argparse
96 warn checkPermissions Missing write access to /Users/GonzaloZiadi/.node/lib/node_modules/bower/node_modules/configstore/node_modules/js-yaml/node_modules/esprima
97 warn checkPermissions Missing write access to /Users/GonzaloZiadi/.node/lib/node_modules/bower/node_modules/configstore/node_modules/js-yaml
98 warn checkPermissions Missing write access to /Users/GonzaloZiadi/.node/lib/node_modules/bower/node_modules/configstore/node_modules/object-assign
99 warn checkPermissions Missing write access to /Users/GonzaloZiadi/.node/lib/node_modules/bower/node_modules/configstore/node_modules/osenv/node_modules/os-homedir
100 warn checkPermissions Missing write access to /Users/GonzaloZiadi/.node/lib/node_modules/bower/node_modules/configstore/node_modules/osenv/node_modules/os-tmpdir
101 warn checkPermissions Missing write access to /Users/GonzaloZiadi/.node/lib/node_modules/bower/node_modules/configstore/node_modules/osenv
102 warn checkPermissions Missing write access to /Users/GonzaloZiadi/.node/lib/node_modules/bower/node_modules/configstore/node_modules/uuid
103 warn checkPermissions Missing write access to /Users/GonzaloZiadi/.node/lib/node_modules/bower/node_modules/decompress-zip/node_modules/binary/node_modules/buffers
104 warn checkPermissions Missing write access to /Users/GonzaloZiadi/.node/lib/node_modules/bower/node_modules/decompress-zip/node_modules/binary/node_modules/chainsaw/node_modules/traverse
105 warn checkPermissions Missing write access to /Users/GonzaloZiadi/.node/lib/node_modules/bower/node_modules/decompress-zip/node_modules/binary
106 warn checkPermissions Missing write access to /Users/GonzaloZiadi/.node/lib/node_modules/bower/node_modules/decompress-zip/node_modules/binary/node_modules/chainsaw
107 warn checkPermissions Missing write access to /Users/GonzaloZiadi/.node/lib/node_modules/bower/node_modules/decompress-zip/node_modules/mkpath
108 warn checkPermissions Missing write access to /Users/GonzaloZiadi/.node/lib/node_modules/bower/node_modules/decompress-zip/node_modules/readable-stream/node_modules/core-util-is
109 warn checkPermissions Missing write access to /Users/GonzaloZiadi/.node/lib/node_modules/bower/node_modules/decompress-zip/node_modules/readable-stream/node_modules/isarray
110 warn checkPermissions Missing write access to /Users/GonzaloZiadi/.node/lib/node_modules/bower/node_modules/decompress-zip/node_modules/readable-stream/node_modules/inherits
111 warn checkPermissions Missing write access to /Users/GonzaloZiadi/.node/lib/node_modules/bower/node_modules/decompress-zip/node_modules/readable-stream/node_modules/string_decoder
112 warn checkPermissions Missing write access to /Users/GonzaloZiadi/.node/lib/node_modules/bower/node_modules/decompress-zip/node_modules/readable-stream
113 warn checkPermissions Missing write access to /Users/GonzaloZiadi/.node/lib/node_modules/bower/node_modules/decompress-zip/node_modules/touch
114 warn checkPermissions Missing write access to /Users/GonzaloZiadi/.node/lib/node_modules/bower/node_modules/decompress-zip/node_modules/touch/node_modules/nopt
115 warn checkPermissions Missing write access to /Users/GonzaloZiadi/.node/lib/node_modules/bower/node_modules/destroy
116 warn checkPermissions Missing write access to /Users/GonzaloZiadi/.node/lib/node_modules/bower/node_modules/fs-write-stream-atomic
117 warn checkPermissions Missing write access to /Users/GonzaloZiadi/.node/lib/node_modules/bower/node_modules/fs-write-stream-atomic/node_modules/graceful-fs
118 warn checkPermissions Missing write access to /Users/GonzaloZiadi/.node/lib/node_modules/bower/node_modules/fstream-ignore/node_modules/inherits
119 warn checkPermissions Missing write access to /Users/GonzaloZiadi/.node/lib/node_modules/bower/node_modules/fstream-ignore/node_modules/minimatch/node_modules/brace-expansion/node_modules/balanced-match
120 warn checkPermissions Missing write access to /Users/GonzaloZiadi/.node/lib/node_modules/bower/node_modules/fstream-ignore/node_modules/minimatch/node_modules/brace-expansion/node_modules/concat-map
121 warn checkPermissions Missing write access to /Users/GonzaloZiadi/.node/lib/node_modules/bower/node_modules/fstream-ignore/node_modules/minimatch/node_modules/brace-expansion
122 warn checkPermissions Missing write access to /Users/GonzaloZiadi/.node/lib/node_modules/bower/node_modules/fstream-ignore/node_modules/minimatch
123 warn checkPermissions Missing write access to /Users/GonzaloZiadi/.node/lib/node_modules/bower/node_modules/fstream/node_modules/graceful-fs
124 warn checkPermissions Missing write access to /Users/GonzaloZiadi/.node/lib/node_modules/bower/node_modules/fstream/node_modules/inherits
125 warn checkPermissions Missing write access to /Users/GonzaloZiadi/.node/lib/node_modules/bower/node_modules/github/node_modules/mime
126 warn checkPermissions Missing write access to /Users/GonzaloZiadi/.node/lib/node_modules/bower/node_modules/github
127 warn checkPermissions Missing write access to /Users/GonzaloZiadi/.node/lib/node_modules/bower/node_modules/glob/node_modules/inflight/node_modules/wrappy
128 warn checkPermissions Missing write access to /Users/GonzaloZiadi/.node/lib/node_modules/bower/node_modules/glob/node_modules/inherits
129 warn checkPermissions Missing write access to /Users/GonzaloZiadi/.node/lib/node_modules/bower/node_modules/glob/node_modules/minimatch/node_modules/brace-expansion/node_modules/balanced-match
130 warn checkPermissions Missing write access to /Users/GonzaloZiadi/.node/lib/node_modules/bower/node_modules/glob/node_modules/minimatch/node_modules/brace-expansion/node_modules/concat-map
131 warn checkPermissions Missing write access to /Users/GonzaloZiadi/.node/lib/node_modules/bower/node_modules/glob/node_modules/minimatch/node_modules/brace-expansion
132 warn checkPermissions Missing write access to /Users/GonzaloZiadi/.node/lib/node_modules/bower/node_modules/glob/node_modules/minimatch
133 warn checkPermissions Missing write access to /Users/GonzaloZiadi/.node/lib/node_modules/bower/node_modules/glob/node_modules/once/node_modules/wrappy
134 warn checkPermissions Missing write access to /Users/GonzaloZiadi/.node/lib/node_modules/bower/node_modules/glob/node_modules/once
135 warn checkPermissions Missing write access to /Users/GonzaloZiadi/.node/lib/node_modules/bower/node_modules/glob/node_modules/inflight
136 warn checkPermissions Missing write access to /Users/GonzaloZiadi/.node/lib/node_modules/bower/node_modules/glob
137 warn checkPermissions Missing write access to /Users/GonzaloZiadi/.node/lib/node_modules/bower/node_modules/graceful-fs
138 warn checkPermissions Missing write access to /Users/GonzaloZiadi/.node/lib/node_modules/bower/node_modules/handlebars/node_modules/optimist/node_modules/wordwrap
139 warn checkPermissions Missing write access to /Users/GonzaloZiadi/.node/lib/node_modules/bower/node_modules/handlebars/node_modules/optimist
140 warn checkPermissions Missing write access to /Users/GonzaloZiadi/.node/lib/node_modules/bower/node_modules/handlebars/node_modules/uglify-js/node_modules/async
141 warn checkPermissions Missing write access to /Users/GonzaloZiadi/.node/lib/node_modules/bower/node_modules/handlebars/node_modules/uglify-js/node_modules/source-map/node_modules/amdefine
142 warn checkPermissions Missing write access to /Users/GonzaloZiadi/.node/lib/node_modules/bower/node_modules/handlebars/node_modules/uglify-js/node_modules/source-map
143 warn checkPermissions Missing write access to /Users/GonzaloZiadi/.node/lib/node_modules/bower/node_modules/handlebars/node_modules/uglify-js
144 warn checkPermissions Missing write access to /Users/GonzaloZiadi/.node/lib/node_modules/bower/node_modules/handlebars
145 warn checkPermissions Missing write access to /Users/GonzaloZiadi/.node/lib/node_modules/bower/node_modules/inquirer/node_modules/ansi-escapes
146 warn checkPermissions Missing write access to /Users/GonzaloZiadi/.node/lib/node_modules/bower/node_modules/inquirer/node_modules/ansi-regex
147 warn checkPermissions Missing write access to /Users/GonzaloZiadi/.node/lib/node_modules/bower/node_modules/inquirer/node_modules/cli-cursor/node_modules/restore-cursor/node_modules/exit-hook
148 warn checkPermissions Missing write access to /Users/GonzaloZiadi/.node/lib/node_modules/bower/node_modules/inquirer/node_modules/cli-cursor/node_modules/restore-cursor/node_modules/onetime
149 warn checkPermissions Missing write access to /Users/GonzaloZiadi/.node/lib/node_modules/bower/node_modules/inquirer/node_modules/cli-cursor/node_modules/restore-cursor
150 warn checkPermissions Missing write access to /Users/GonzaloZiadi/.node/lib/node_modules/bower/node_modules/inquirer/node_modules/cli-cursor
151 warn checkPermissions Missing write access to /Users/GonzaloZiadi/.node/lib/node_modules/bower/node_modules/inquirer/node_modules/cli-width
152 warn checkPermissions Missing write access to /Users/GonzaloZiadi/.node/lib/node_modules/bower/node_modules/inquirer/node_modules/figures
153 warn checkPermissions Missing write access to /Users/GonzaloZiadi/.node/lib/node_modules/bower/node_modules/inquirer/node_modules/lodash
154 warn checkPermissions Missing write access to /Users/GonzaloZiadi/.node/lib/node_modules/bower/node_modules/inquirer/node_modules/readline2/node_modules/code-point-at/node_modules/number-is-nan
155 warn checkPermissions Missing write access to /Users/GonzaloZiadi/.node/lib/node_modules/bower/node_modules/inquirer/node_modules/readline2/node_modules/code-point-at
156 warn checkPermissions Missing write access to /Users/GonzaloZiadi/.node/lib/node_modules/bower/node_modules/inquirer/node_modules/readline2/node_modules/is-fullwidth-code-point/node_modules/number-is-nan
157 warn checkPermissions Missing write access to /Users/GonzaloZiadi/.node/lib/node_modules/bower/node_modules/inquirer/node_modules/readline2/node_modules/is-fullwidth-code-point
158 warn checkPermissions Missing write access to /Users/GonzaloZiadi/.node/lib/node_modules/bower/node_modules/inquirer/node_modules/readline2/node_modules/mute-stream
159 warn checkPermissions Missing write access to /Users/GonzaloZiadi/.node/lib/node_modules/bower/node_modules/inquirer/node_modules/readline2
160 warn checkPermissions Missing write access to /Users/GonzaloZiadi/.node/lib/node_modules/bower/node_modules/inquirer/node_modules/run-async/node_modules/once/node_modules/wrappy
161 warn checkPermissions Missing write access to /Users/GonzaloZiadi/.node/lib/node_modules/bower/node_modules/inquirer/node_modules/run-async/node_modules/once
162 warn checkPermissions Missing write access to /Users/GonzaloZiadi/.node/lib/node_modules/bower/node_modules/inquirer/node_modules/run-async
163 warn checkPermissions Missing write access to /Users/GonzaloZiadi/.node/lib/node_modules/bower/node_modules/inquirer/node_modules/rx-lite
164 warn checkPermissions Missing write access to /Users/GonzaloZiadi/.node/lib/node_modules/bower/node_modules/inquirer/node_modules/strip-ansi
165 warn checkPermissions Missing write access to /Users/GonzaloZiadi/.node/lib/node_modules/bower/node_modules/inquirer/node_modules/through
166 warn checkPermissions Missing write access to /Users/GonzaloZiadi/.node/lib/node_modules/bower/node_modules/inquirer
167 warn checkPermissions Missing write access to /Users/GonzaloZiadi/.node/lib/node_modules/bower/node_modules/insight/node_modules/async
168 warn checkPermissions Missing write access to /Users/GonzaloZiadi/.node/lib/node_modules/bower/node_modules/insight/node_modules/configstore/node_modules/graceful-fs
169 warn checkPermissions Missing write access to /Users/GonzaloZiadi/.node/lib/node_modules/bower/node_modules/insight/node_modules/configstore/node_modules/object-assign
170 warn checkPermissions Missing write access to /Users/GonzaloZiadi/.node/lib/node_modules/bower/node_modules/insight/node_modules/configstore/node_modules/os-tmpdir
171 warn checkPermissions Missing write access to /Users/GonzaloZiadi/.node/lib/node_modules/bower/node_modules/insight/node_modules/configstore/node_modules/osenv/node_modules/os-homedir
172 warn checkPermissions Missing write access to /Users/GonzaloZiadi/.node/lib/node_modules/bower/node_modules/insight/node_modules/configstore/node_modules/osenv
173 warn checkPermissions Missing write access to /Users/GonzaloZiadi/.node/lib/node_modules/bower/node_modules/insight/node_modules/configstore/node_modules/uuid
174 warn checkPermissions Missing write access to /Users/GonzaloZiadi/.node/lib/node_modules/bower/node_modules/insight/node_modules/configstore/node_modules/write-file-atomic/node_modules/slide
175 warn checkPermissions Missing write access to /Users/GonzaloZiadi/.node/lib/node_modules/bower/node_modules/insight/node_modules/configstore/node_modules/write-file-atomic
176 warn checkPermissions Missing write access to /Users/GonzaloZiadi/.node/lib/node_modules/bower/node_modules/insight/node_modules/configstore/node_modules/xdg-basedir/node_modules/os-homedir
177 warn checkPermissions Missing write access to /Users/GonzaloZiadi/.node/lib/node_modules/bower/node_modules/insight/node_modules/configstore/node_modules/xdg-basedir
178 warn checkPermissions Missing write access to /Users/GonzaloZiadi/.node/lib/node_modules/bower/node_modules/insight/node_modules/lodash.debounce/node_modules/lodash._getnative
179 warn checkPermissions Missing write access to /Users/GonzaloZiadi/.node/lib/node_modules/bower/node_modules/insight/node_modules/lodash.debounce
180 warn checkPermissions Missing write access to /Users/GonzaloZiadi/.node/lib/node_modules/bower/node_modules/insight/node_modules/object-assign
181 warn checkPermissions Missing write access to /Users/GonzaloZiadi/.node/lib/node_modules/bower/node_modules/insight/node_modules/os-name/node_modules/osx-release/node_modules/minimist
182 warn checkPermissions Missing write access to /Users/GonzaloZiadi/.node/lib/node_modules/bower/node_modules/insight/node_modules/os-name/node_modules/osx-release
183 warn checkPermissions Missing write access to /Users/GonzaloZiadi/.node/lib/node_modules/bower/node_modules/insight/node_modules/os-name/node_modules/win-release/node_modules/semver
184 warn checkPermissions Missing write access to /Users/GonzaloZiadi/.node/lib/node_modules/bower/node_modules/insight/node_modules/os-name/node_modules/win-release
185 warn checkPermissions Missing write access to /Users/GonzaloZiadi/.node/lib/node_modules/bower/node_modules/insight/node_modules/os-name
186 warn checkPermissions Missing write access to /Users/GonzaloZiadi/.node/lib/node_modules/bower/node_modules/insight/node_modules/tough-cookie
187 warn checkPermissions Missing write access to /Users/GonzaloZiadi/.node/lib/node_modules/bower/node_modules/is-root
188 warn checkPermissions Missing write access to /Users/GonzaloZiadi/.node/lib/node_modules/bower/node_modules/junk
189 warn checkPermissions Missing write access to /Users/GonzaloZiadi/.node/lib/node_modules/bower/node_modules/lockfile
190 warn checkPermissions Missing write access to /Users/GonzaloZiadi/.node/lib/node_modules/bower/node_modules/lru-cache
191 warn checkPermissions Missing write access to /Users/GonzaloZiadi/.node/lib/node_modules/bower/node_modules/md5-hex/node_modules/md5-o-matic
192 warn checkPermissions Missing write access to /Users/GonzaloZiadi/.node/lib/node_modules/bower/node_modules/md5-hex
193 warn checkPermissions Missing write access to /Users/GonzaloZiadi/.node/lib/node_modules/bower/node_modules/mkdirp/node_modules/minimist
194 warn checkPermissions Missing write access to /Users/GonzaloZiadi/.node/lib/node_modules/bower/node_modules/mkdirp
195 warn checkPermissions Missing write access to /Users/GonzaloZiadi/.node/lib/node_modules/bower/node_modules/insight/node_modules/configstore
196 warn checkPermissions Missing write access to /Users/GonzaloZiadi/.node/lib/node_modules/bower/node_modules/mout
197 warn checkPermissions Missing write access to /Users/GonzaloZiadi/.node/lib/node_modules/bower/node_modules/bower-config
198 warn checkPermissions Missing write access to /Users/GonzaloZiadi/.node/lib/node_modules/bower/node_modules/nopt
199 warn checkPermissions Missing write access to /Users/GonzaloZiadi/.node/lib/node_modules/bower/node_modules/opn
200 warn checkPermissions Missing write access to /Users/GonzaloZiadi/.node/lib/node_modules/bower/node_modules/p-throttler/node_modules/q
201 warn checkPermissions Missing write access to /Users/GonzaloZiadi/.node/lib/node_modules/bower/node_modules/p-throttler
202 warn checkPermissions Missing write access to /Users/GonzaloZiadi/.node/lib/node_modules/bower/node_modules/promptly/node_modules/read/node_modules/mute-stream
203 warn checkPermissions Missing write access to /Users/GonzaloZiadi/.node/lib/node_modules/bower/node_modules/promptly/node_modules/read
204 warn checkPermissions Missing write access to /Users/GonzaloZiadi/.node/lib/node_modules/bower/node_modules/promptly
205 warn checkPermissions Missing write access to /Users/GonzaloZiadi/.node/lib/node_modules/bower/node_modules/q
206 warn checkPermissions Missing write access to /Users/GonzaloZiadi/.node/lib/node_modules/bower/node_modules/decompress-zip
207 warn checkPermissions Missing write access to /Users/GonzaloZiadi/.node/lib/node_modules/bower/node_modules/request-progress/node_modules/throttleit
208 warn checkPermissions Missing write access to /Users/GonzaloZiadi/.node/lib/node_modules/bower/node_modules/request-progress
209 warn checkPermissions Missing write access to /Users/GonzaloZiadi/.node/lib/node_modules/bower/node_modules/request/node_modules/aws-sign2
210 warn checkPermissions Missing write access to /Users/GonzaloZiadi/.node/lib/node_modules/bower/node_modules/request/node_modules/bl/node_modules/readable-stream/node_modules/core-util-is
211 warn checkPermissions Missing write access to /Users/GonzaloZiadi/.node/lib/node_modules/bower/node_modules/request/node_modules/bl/node_modules/readable-stream/node_modules/inherits
212 warn checkPermissions Missing write access to /Users/GonzaloZiadi/.node/lib/node_modules/bower/node_modules/request/node_modules/bl/node_modules/readable-stream/node_modules/isarray
213 warn checkPermissions Missing write access to /Users/GonzaloZiadi/.node/lib/node_modules/bower/node_modules/request/node_modules/bl/node_modules/readable-stream/node_modules/string_decoder
214 warn checkPermissions Missing write access to /Users/GonzaloZiadi/.node/lib/node_modules/bower/node_modules/request/node_modules/bl/node_modules/readable-stream
215 warn checkPermissions Missing write access to /Users/GonzaloZiadi/.node/lib/node_modules/bower/node_modules/request/node_modules/bl
216 warn checkPermissions Missing write access to /Users/GonzaloZiadi/.node/lib/node_modules/bower/node_modules/request/node_modules/caseless
217 warn checkPermissions Missing write access to /Users/GonzaloZiadi/.node/lib/node_modules/bower/node_modules/request/node_modules/combined-stream/node_modules/delayed-stream
218 warn checkPermissions Missing write access to /Users/GonzaloZiadi/.node/lib/node_modules/bower/node_modules/request/node_modules/combined-stream
219 warn checkPermissions Missing write access to /Users/GonzaloZiadi/.node/lib/node_modules/bower/node_modules/request/node_modules/forever-agent
220 warn checkPermissions Missing write access to /Users/GonzaloZiadi/.node/lib/node_modules/bower/node_modules/request/node_modules/form-data/node_modules/async
221 warn checkPermissions Missing write access to /Users/GonzaloZiadi/.node/lib/node_modules/bower/node_modules/request/node_modules/hawk/node_modules/hoek
222 warn checkPermissions Missing write access to /Users/GonzaloZiadi/.node/lib/node_modules/bower/node_modules/request/node_modules/hawk/node_modules/boom
223 warn checkPermissions Missing write access to /Users/GonzaloZiadi/.node/lib/node_modules/bower/node_modules/request/node_modules/hawk/node_modules/cryptiles
224 warn checkPermissions Missing write access to /Users/GonzaloZiadi/.node/lib/node_modules/bower/node_modules/request/node_modules/hawk/node_modules/sntp
225 warn checkPermissions Missing write access to /Users/GonzaloZiadi/.node/lib/node_modules/bower/node_modules/request/node_modules/hawk
226 warn checkPermissions Missing write access to /Users/GonzaloZiadi/.node/lib/node_modules/bower/node_modules/request/node_modules/http-signature/node_modules/asn1
227 warn checkPermissions Missing write access to /Users/GonzaloZiadi/.node/lib/node_modules/bower/node_modules/request/node_modules/http-signature/node_modules/assert-plus
228 warn checkPermissions Missing write access to /Users/GonzaloZiadi/.node/lib/node_modules/bower/node_modules/request/node_modules/http-signature/node_modules/ctype
229 warn checkPermissions Missing write access to /Users/GonzaloZiadi/.node/lib/node_modules/bower/node_modules/request/node_modules/http-signature
230 warn checkPermissions Missing write access to /Users/GonzaloZiadi/.node/lib/node_modules/bower/node_modules/request/node_modules/isstream
231 warn checkPermissions Missing write access to /Users/GonzaloZiadi/.node/lib/node_modules/bower/node_modules/request/node_modules/json-stringify-safe
232 warn checkPermissions Missing write access to /Users/GonzaloZiadi/.node/lib/node_modules/bower/node_modules/request/node_modules/mime-types/node_modules/mime-db
233 warn checkPermissions Missing write access to /Users/GonzaloZiadi/.node/lib/node_modules/bower/node_modules/request/node_modules/mime-types
234 warn checkPermissions Missing write access to /Users/GonzaloZiadi/.node/lib/node_modules/bower/node_modules/request/node_modules/form-data
235 warn checkPermissions Missing write access to /Users/GonzaloZiadi/.node/lib/node_modules/bower/node_modules/request/node_modules/node-uuid
236 warn checkPermissions Missing write access to /Users/GonzaloZiadi/.node/lib/node_modules/bower/node_modules/request/node_modules/oauth-sign
237 warn checkPermissions Missing write access to /Users/GonzaloZiadi/.node/lib/node_modules/bower/node_modules/request/node_modules/qs
238 warn checkPermissions Missing write access to /Users/GonzaloZiadi/.node/lib/node_modules/bower/node_modules/request/node_modules/stringstream
239 warn checkPermissions Missing write access to /Users/GonzaloZiadi/.node/lib/node_modules/bower/node_modules/request/node_modules/tough-cookie
240 warn checkPermissions Missing write access to /Users/GonzaloZiadi/.node/lib/node_modules/bower/node_modules/request/node_modules/tunnel-agent
241 warn checkPermissions Missing write access to /Users/GonzaloZiadi/.node/lib/node_modules/bower/node_modules/request
242 warn checkPermissions Missing write access to /Users/GonzaloZiadi/.node/lib/node_modules/bower/node_modules/insight
243 warn checkPermissions Missing write access to /Users/GonzaloZiadi/.node/lib/node_modules/bower/node_modules/retry
244 warn checkPermissions Missing write access to /Users/GonzaloZiadi/.node/lib/node_modules/bower/node_modules/bower-registry-client/node_modules/request-replay
245 warn checkPermissions Missing write access to /Users/GonzaloZiadi/.node/lib/node_modules/bower/node_modules/rimraf/node_modules/glob/node_modules/inflight/node_modules/wrappy
246 warn checkPermissions Missing write access to /Users/GonzaloZiadi/.node/lib/node_modules/bower/node_modules/rimraf/node_modules/glob/node_modules/inherits
247 warn checkPermissions Missing write access to /Users/GonzaloZiadi/.node/lib/node_modules/bower/node_modules/rimraf/node_modules/glob/node_modules/minimatch/node_modules/brace-expansion/node_modules/balanced-match
248 warn checkPermissions Missing write access to /Users/GonzaloZiadi/.node/lib/node_modules/bower/node_modules/rimraf/node_modules/glob/node_modules/minimatch/node_modules/brace-expansion/node_modules/concat-map
249 warn checkPermissions Missing write access to /Users/GonzaloZiadi/.node/lib/node_modules/bower/node_modules/rimraf/node_modules/glob/node_modules/minimatch/node_modules/brace-expansion
250 warn checkPermissions Missing write access to /Users/GonzaloZiadi/.node/lib/node_modules/bower/node_modules/rimraf/node_modules/glob/node_modules/minimatch
251 warn checkPermissions Missing write access to /Users/GonzaloZiadi/.node/lib/node_modules/bower/node_modules/rimraf/node_modules/glob/node_modules/once/node_modules/wrappy
252 warn checkPermissions Missing write access to /Users/GonzaloZiadi/.node/lib/node_modules/bower/node_modules/rimraf/node_modules/glob/node_modules/once
253 warn checkPermissions Missing write access to /Users/GonzaloZiadi/.node/lib/node_modules/bower/node_modules/rimraf/node_modules/glob/node_modules/inflight
254 warn checkPermissions Missing write access to /Users/GonzaloZiadi/.node/lib/node_modules/bower/node_modules/rimraf/node_modules/glob/node_modules/path-is-absolute
255 warn checkPermissions Missing write access to /Users/GonzaloZiadi/.node/lib/node_modules/bower/node_modules/rimraf/node_modules/glob
256 warn checkPermissions Missing write access to /Users/GonzaloZiadi/.node/lib/node_modules/bower/node_modules/rimraf
257 warn checkPermissions Missing write access to /Users/GonzaloZiadi/.node/lib/node_modules/bower/node_modules/fstream
258 warn checkPermissions Missing write access to /Users/GonzaloZiadi/.node/lib/node_modules/bower/node_modules/fstream-ignore
259 warn checkPermissions Missing write access to /Users/GonzaloZiadi/.node/lib/node_modules/bower/node_modules/bower-registry-client
260 warn checkPermissions Missing write access to /Users/GonzaloZiadi/.node/lib/node_modules/bower/node_modules/semver
261 warn checkPermissions Missing write access to /Users/GonzaloZiadi/.node/lib/node_modules/bower/node_modules/shell-quote/node_modules/array-filter
262 warn checkPermissions Missing write access to /Users/GonzaloZiadi/.node/lib/node_modules/bower/node_modules/shell-quote/node_modules/array-map
263 warn checkPermissions Missing write access to /Users/GonzaloZiadi/.node/lib/node_modules/bower/node_modules/shell-quote/node_modules/array-reduce
264 warn checkPermissions Missing write access to /Users/GonzaloZiadi/.node/lib/node_modules/bower/node_modules/shell-quote/node_modules/jsonify
265 warn checkPermissions Missing write access to /Users/GonzaloZiadi/.node/lib/node_modules/bower/node_modules/shell-quote
266 warn checkPermissions Missing write access to /Users/GonzaloZiadi/.node/lib/node_modules/bower/node_modules/stringify-object
267 warn checkPermissions Missing write access to /Users/GonzaloZiadi/.node/lib/node_modules/bower/node_modules/tar-fs/node_modules/pump/node_modules/once/node_modules/wrappy
268 warn checkPermissions Missing write access to /Users/GonzaloZiadi/.node/lib/node_modules/bower/node_modules/tar-fs/node_modules/pump/node_modules/once
269 warn checkPermissions Missing write access to /Users/GonzaloZiadi/.node/lib/node_modules/bower/node_modules/tar-fs/node_modules/pump/node_modules/end-of-stream
270 warn checkPermissions Missing write access to /Users/GonzaloZiadi/.node/lib/node_modules/bower/node_modules/tar-fs/node_modules/pump
271 warn checkPermissions Missing write access to /Users/GonzaloZiadi/.node/lib/node_modules/bower/node_modules/tar-fs/node_modules/tar-stream/node_modules/end-of-stream/node_modules/once/node_modules/wrappy
272 warn checkPermissions Missing write access to /Users/GonzaloZiadi/.node/lib/node_modules/bower/node_modules/tar-fs/node_modules/tar-stream/node_modules/end-of-stream/node_modules/once
273 warn checkPermissions Missing write access to /Users/GonzaloZiadi/.node/lib/node_modules/bower/node_modules/tar-fs/node_modules/tar-stream/node_modules/end-of-stream
274 warn checkPermissions Missing write access to /Users/GonzaloZiadi/.node/lib/node_modules/bower/node_modules/tar-fs/node_modules/tar-stream/node_modules/readable-stream/node_modules/core-util-is
275 warn checkPermissions Missing write access to /Users/GonzaloZiadi/.node/lib/node_modules/bower/node_modules/tar-fs/node_modules/tar-stream/node_modules/readable-stream/node_modules/inherits
276 warn checkPermissions Missing write access to /Users/GonzaloZiadi/.node/lib/node_modules/bower/node_modules/tar-fs/node_modules/tar-stream/node_modules/readable-stream/node_modules/isarray
277 warn checkPermissions Missing write access to /Users/GonzaloZiadi/.node/lib/node_modules/bower/node_modules/tar-fs/node_modules/tar-stream/node_modules/readable-stream/node_modules/process-nextick-args
278 warn checkPermissions Missing write access to /Users/GonzaloZiadi/.node/lib/node_modules/bower/node_modules/tar-fs/node_modules/tar-stream/node_modules/readable-stream/node_modules/string_decoder
279 warn checkPermissions Missing write access to /Users/GonzaloZiadi/.node/lib/node_modules/bower/node_modules/tar-fs/node_modules/tar-stream/node_modules/readable-stream/node_modules/util-deprecate
280 warn checkPermissions Missing write access to /Users/GonzaloZiadi/.node/lib/node_modules/bower/node_modules/tar-fs/node_modules/tar-stream/node_modules/readable-stream
281 warn checkPermissions Missing write access to /Users/GonzaloZiadi/.node/lib/node_modules/bower/node_modules/tar-fs/node_modules/tar-stream/node_modules/bl
282 warn checkPermissions Missing write access to /Users/GonzaloZiadi/.node/lib/node_modules/bower/node_modules/tar-fs/node_modules/tar-stream/node_modules/xtend
283 warn checkPermissions Missing write access to /Users/GonzaloZiadi/.node/lib/node_modules/bower/node_modules/tar-fs/node_modules/tar-stream
284 warn checkPermissions Missing write access to /Users/GonzaloZiadi/.node/lib/node_modules/bower/node_modules/tar-fs
285 warn checkPermissions Missing write access to /Users/GonzaloZiadi/.node/lib/node_modules/bower/node_modules/tmp
286 warn checkPermissions Missing write access to /Users/GonzaloZiadi/.node/lib/node_modules/bower/node_modules/update-notifier/node_modules/is-npm
287 warn checkPermissions Missing write access to /Users/GonzaloZiadi/.node/lib/node_modules/bower/node_modules/update-notifier/node_modules/latest-version/node_modules/package-json/node_modules/got/node_modules/duplexify/node_modules/end-of-stream/node_modules/once/node_modules/wrappy
288 warn checkPermissions Missing write access to /Users/GonzaloZiadi/.node/lib/node_modules/bower/node_modules/update-notifier/node_modules/latest-version/node_modules/package-json/node_modules/got/node_modules/duplexify/node_modules/end-of-stream/node_modules/once
289 warn checkPermissions Missing write access to /Users/GonzaloZiadi/.node/lib/node_modules/bower/node_modules/update-notifier/node_modules/latest-version/node_modules/package-json/node_modules/got/node_modules/duplexify/node_modules/end-of-stream
290 warn checkPermissions Missing write access to /Users/GonzaloZiadi/.node/lib/node_modules/bower/node_modules/update-notifier/node_modules/latest-version/node_modules/package-json/node_modules/got/node_modules/duplexify/node_modules/readable-stream/node_modules/core-util-is
291 warn checkPermissions Missing write access to /Users/GonzaloZiadi/.node/lib/node_modules/bower/node_modules/update-notifier/node_modules/latest-version/node_modules/package-json/node_modules/got/node_modules/duplexify/node_modules/readable-stream/node_modules/inherits
292 warn checkPermissions Missing write access to /Users/GonzaloZiadi/.node/lib/node_modules/bower/node_modules/update-notifier/node_modules/latest-version/node_modules/package-json/node_modules/got/node_modules/duplexify/node_modules/readable-stream/node_modules/isarray
293 warn checkPermissions Missing write access to /Users/GonzaloZiadi/.node/lib/node_modules/bower/node_modules/update-notifier/node_modules/latest-version/node_modules/package-json/node_modules/got/node_modules/duplexify/node_modules/readable-stream/node_modules/process-nextick-args
294 warn checkPermissions Missing write access to /Users/GonzaloZiadi/.node/lib/node_modules/bower/node_modules/update-notifier/node_modules/latest-version/node_modules/package-json/node_modules/got/node_modules/duplexify/node_modules/readable-stream/node_modules/string_decoder
295 warn checkPermissions Missing write access to /Users/GonzaloZiadi/.node/lib/node_modules/bower/node_modules/update-notifier/node_modules/latest-version/node_modules/package-json/node_modules/got/node_modules/duplexify/node_modules/readable-stream/node_modules/util-deprecate
296 warn checkPermissions Missing write access to /Users/GonzaloZiadi/.node/lib/node_modules/bower/node_modules/update-notifier/node_modules/latest-version/node_modules/package-json/node_modules/got/node_modules/duplexify/node_modules/readable-stream
297 warn checkPermissions Missing write access to /Users/GonzaloZiadi/.node/lib/node_modules/bower/node_modules/update-notifier/node_modules/latest-version/node_modules/package-json/node_modules/got/node_modules/duplexify
298 warn checkPermissions Missing write access to /Users/GonzaloZiadi/.node/lib/node_modules/bower/node_modules/update-notifier/node_modules/latest-version/node_modules/package-json/node_modules/got/node_modules/infinity-agent
299 warn checkPermissions Missing write access to /Users/GonzaloZiadi/.node/lib/node_modules/bower/node_modules/update-notifier/node_modules/latest-version/node_modules/package-json/node_modules/got/node_modules/is-redirect
300 warn checkPermissions Missing write access to /Users/GonzaloZiadi/.node/lib/node_modules/bower/node_modules/update-notifier/node_modules/latest-version/node_modules/package-json/node_modules/got/node_modules/is-stream
301 warn checkPermissions Missing write access to /Users/GonzaloZiadi/.node/lib/node_modules/bower/node_modules/update-notifier/node_modules/latest-version/node_modules/package-json/node_modules/got/node_modules/lowercase-keys
302 warn checkPermissions Missing write access to /Users/GonzaloZiadi/.node/lib/node_modules/bower/node_modules/update-notifier/node_modules/latest-version/node_modules/package-json/node_modules/got/node_modules/nested-error-stacks/node_modules/inherits
303 warn checkPermissions Missing write access to /Users/GonzaloZiadi/.node/lib/node_modules/bower/node_modules/update-notifier/node_modules/latest-version/node_modules/package-json/node_modules/got/node_modules/nested-error-stacks
304 warn checkPermissions Missing write access to /Users/GonzaloZiadi/.node/lib/node_modules/bower/node_modules/update-notifier/node_modules/latest-version/node_modules/package-json/node_modules/got/node_modules/object-assign
305 warn checkPermissions Missing write access to /Users/GonzaloZiadi/.node/lib/node_modules/bower/node_modules/update-notifier/node_modules/latest-version/node_modules/package-json/node_modules/got/node_modules/prepend-http
306 warn checkPermissions Missing write access to /Users/GonzaloZiadi/.node/lib/node_modules/bower/node_modules/update-notifier/node_modules/latest-version/node_modules/package-json/node_modules/got/node_modules/read-all-stream/node_modules/pinkie-promise/node_modules/pinkie
307 warn checkPermissions Missing write access to /Users/GonzaloZiadi/.node/lib/node_modules/bower/node_modules/update-notifier/node_modules/latest-version/node_modules/package-json/node_modules/got/node_modules/read-all-stream/node_modules/pinkie-promise
308 warn checkPermissions Missing write access to /Users/GonzaloZiadi/.node/lib/node_modules/bower/node_modules/update-notifier/node_modules/latest-version/node_modules/package-json/node_modules/got/node_modules/read-all-stream/node_modules/readable-stream/node_modules/core-util-is
309 warn checkPermissions Missing write access to /Users/GonzaloZiadi/.node/lib/node_modules/bower/node_modules/update-notifier/node_modules/latest-version/node_modules/package-json/node_modules/got/node_modules/read-all-stream/node_modules/readable-stream/node_modules/inherits
310 warn checkPermissions Missing write access to /Users/GonzaloZiadi/.node/lib/node_modules/bower/node_modules/update-notifier/node_modules/latest-version/node_modules/package-json/node_modules/got/node_modules/read-all-stream/node_modules/readable-stream/node_modules/isarray
311 warn checkPermissions Missing write access to /Users/GonzaloZiadi/.node/lib/node_modules/bower/node_modules/update-notifier/node_modules/latest-version/node_modules/package-json/node_modules/got/node_modules/read-all-stream/node_modules/readable-stream/node_modules/process-nextick-args
312 warn checkPermissions Missing write access to /Users/GonzaloZiadi/.node/lib/node_modules/bower/node_modules/update-notifier/node_modules/latest-version/node_modules/package-json/node_modules/got/node_modules/read-all-stream/node_modules/readable-stream/node_modules/string_decoder
313 warn checkPermissions Missing write access to /Users/GonzaloZiadi/.node/lib/node_modules/bower/node_modules/update-notifier/node_modules/latest-version/node_modules/package-json/node_modules/got/node_modules/read-all-stream/node_modules/readable-stream/node_modules/util-deprecate
314 warn checkPermissions Missing write access to /Users/GonzaloZiadi/.node/lib/node_modules/bower/node_modules/update-notifier/node_modules/latest-version/node_modules/package-json/node_modules/got/node_modules/read-all-stream/node_modules/readable-stream
315 warn checkPermissions Missing write access to /Users/GonzaloZiadi/.node/lib/node_modules/bower/node_modules/update-notifier/node_modules/latest-version/node_modules/package-json/node_modules/got/node_modules/read-all-stream
316 warn checkPermissions Missing write access to /Users/GonzaloZiadi/.node/lib/node_modules/bower/node_modules/update-notifier/node_modules/latest-version/node_modules/package-json/node_modules/got/node_modules/timed-out
317 warn checkPermissions Missing write access to /Users/GonzaloZiadi/.node/lib/node_modules/bower/node_modules/update-notifier/node_modules/latest-version/node_modules/package-json/node_modules/got
318 warn checkPermissions Missing write access to /Users/GonzaloZiadi/.node/lib/node_modules/bower/node_modules/update-notifier/node_modules/latest-version/node_modules/package-json/node_modules/registry-url/node_modules/rc/node_modules/deep-extend
319 warn checkPermissions Missing write access to /Users/GonzaloZiadi/.node/lib/node_modules/bower/node_modules/update-notifier/node_modules/latest-version/node_modules/package-json/node_modules/registry-url/node_modules/rc/node_modules/ini
320 warn checkPermissions Missing write access to /Users/GonzaloZiadi/.node/lib/node_modules/bower/node_modules/update-notifier/node_modules/latest-version/node_modules/package-json/node_modules/registry-url/node_modules/rc/node_modules/minimist
321 warn checkPermissions Missing write access to /Users/GonzaloZiadi/.node/lib/node_modules/bower/node_modules/update-notifier/node_modules/latest-version/node_modules/package-json/node_modules/registry-url/node_modules/rc/node_modules/strip-json-comments
322 warn checkPermissions Missing write access to /Users/GonzaloZiadi/.node/lib/node_modules/bower/node_modules/update-notifier/node_modules/latest-version/node_modules/package-json/node_modules/registry-url/node_modules/rc
323 warn checkPermissions Missing write access to /Users/GonzaloZiadi/.node/lib/node_modules/bower/node_modules/update-notifier/node_modules/latest-version/node_modules/package-json/node_modules/registry-url
324 warn checkPermissions Missing write access to /Users/GonzaloZiadi/.node/lib/node_modules/bower/node_modules/update-notifier/node_modules/latest-version/node_modules/package-json
325 warn checkPermissions Missing write access to /Users/GonzaloZiadi/.node/lib/node_modules/bower/node_modules/update-notifier/node_modules/latest-version
326 warn checkPermissions Missing write access to /Users/GonzaloZiadi/.node/lib/node_modules/bower/node_modules/update-notifier/node_modules/semver-diff/node_modules/semver
327 warn checkPermissions Missing write access to /Users/GonzaloZiadi/.node/lib/node_modules/bower/node_modules/update-notifier/node_modules/semver-diff
328 warn checkPermissions Missing write access to /Users/GonzaloZiadi/.node/lib/node_modules/bower/node_modules/update-notifier/node_modules/string-length/node_modules/strip-ansi/node_modules/ansi-regex
329 warn checkPermissions Missing write access to /Users/GonzaloZiadi/.node/lib/node_modules/bower/node_modules/update-notifier/node_modules/string-length/node_modules/strip-ansi
330 warn checkPermissions Missing write access to /Users/GonzaloZiadi/.node/lib/node_modules/bower/node_modules/update-notifier/node_modules/string-length
331 warn checkPermissions Missing write access to /Users/GonzaloZiadi/.node/lib/node_modules/bower/node_modules/user-home
332 warn checkPermissions Missing write access to /Users/GonzaloZiadi/.node/lib/node_modules/bower/node_modules/configstore/node_modules/xdg-basedir
333 warn checkPermissions Missing write access to /Users/GonzaloZiadi/.node/lib/node_modules/bower/node_modules/configstore
334 warn checkPermissions Missing write access to /Users/GonzaloZiadi/.node/lib/node_modules/bower/node_modules/update-notifier
335 warn checkPermissions Missing write access to /Users/GonzaloZiadi/.node/lib/node_modules/bower/node_modules/which/node_modules/is-absolute/node_modules/is-relative
336 warn checkPermissions Missing write access to /Users/GonzaloZiadi/.node/lib/node_modules/bower/node_modules/which/node_modules/is-absolute
337 warn checkPermissions Missing write access to /Users/GonzaloZiadi/.node/lib/node_modules/bower/node_modules/which
338 warn checkPermissions Missing write access to /Users/GonzaloZiadi/.node/lib/node_modules/bower
339 warn checkPermissions Missing write access to /Users/GonzaloZiadi/.node/lib/node_modules/bower/node_modules
340 warn checkPermissions Missing write access to /Users/GonzaloZiadi/.node/lib/node_modules/bower/node_modules/bower-config/node_modules
341 warn checkPermissions Missing write access to /Users/GonzaloZiadi/.node/lib/node_modules/bower/node_modules/bower-config/node_modules/optimist/node_modules
342 warn checkPermissions Missing write access to /Users/GonzaloZiadi/.node/lib/node_modules/bower/node_modules/bower-config/node_modules/osenv/node_modules
343 warn checkPermissions Missing write access to /Users/GonzaloZiadi/.node/lib/node_modules/bower/node_modules/bower-json/node_modules
344 warn checkPermissions Missing write access to /Users/GonzaloZiadi/.node/lib/node_modules/bower/node_modules/bower-registry-client/node_modules
345 warn checkPermissions Missing write access to /Users/GonzaloZiadi/.node/lib/node_modules/bower/node_modules/cardinal/node_modules
346 warn checkPermissions Missing write access to /Users/GonzaloZiadi/.node/lib/node_modules/bower/node_modules/cardinal/node_modules/redeyed/node_modules
347 warn checkPermissions Missing write access to /Users/GonzaloZiadi/.node/lib/node_modules/bower/node_modules/chalk/node_modules
348 warn checkPermissions Missing write access to /Users/GonzaloZiadi/.node/lib/node_modules/bower/node_modules/chalk/node_modules/has-ansi/node_modules
349 warn checkPermissions Missing write access to /Users/GonzaloZiadi/.node/lib/node_modules/bower/node_modules/chalk/node_modules/strip-ansi/node_modules
350 warn checkPermissions Missing write access to /Users/GonzaloZiadi/.node/lib/node_modules/bower/node_modules/configstore/node_modules/js-yaml/node_modules/argparse/node_modules
351 warn checkPermissions Missing write access to /Users/GonzaloZiadi/.node/lib/node_modules/bower/node_modules/configstore/node_modules/js-yaml/node_modules
352 warn checkPermissions Missing write access to /Users/GonzaloZiadi/.node/lib/node_modules/bower/node_modules/configstore/node_modules
353 warn checkPermissions Missing write access to /Users/GonzaloZiadi/.node/lib/node_modules/bower/node_modules/configstore/node_modules/osenv/node_modules
354 warn checkPermissions Missing write access to /Users/GonzaloZiadi/.node/lib/node_modules/bower/node_modules/decompress-zip/node_modules/binary/node_modules
355 warn checkPermissions Missing write access to /Users/GonzaloZiadi/.node/lib/node_modules/bower/node_modules/decompress-zip/node_modules/binary/node_modules/chainsaw/node_modules
356 warn checkPermissions Missing write access to /Users/GonzaloZiadi/.node/lib/node_modules/bower/node_modules/decompress-zip/node_modules
357 warn checkPermissions Missing write access to /Users/GonzaloZiadi/.node/lib/node_modules/bower/node_modules/decompress-zip/node_modules/readable-stream/node_modules
358 warn checkPermissions Missing write access to /Users/GonzaloZiadi/.node/lib/node_modules/bower/node_modules/decompress-zip/node_modules/touch/node_modules
359 warn checkPermissions Missing write access to /Users/GonzaloZiadi/.node/lib/node_modules/bower/node_modules/fs-write-stream-atomic/node_modules
360 warn checkPermissions Missing write access to /Users/GonzaloZiadi/.node/lib/node_modules/bower/node_modules/fstream-ignore/node_modules
361 warn checkPermissions Missing write access to /Users/GonzaloZiadi/.node/lib/node_modules/bower/node_modules/fstream-ignore/node_modules/minimatch/node_modules/brace-expansion/node_modules
362 warn checkPermissions Missing write access to /Users/GonzaloZiadi/.node/lib/node_modules/bower/node_modules/fstream-ignore/node_modules/minimatch/node_modules
363 warn checkPermissions Missing write access to /Users/GonzaloZiadi/.node/lib/node_modules/bower/node_modules/fstream/node_modules
364 warn checkPermissions Missing write access to /Users/GonzaloZiadi/.node/lib/node_modules/bower/node_modules/github/node_modules
365 warn checkPermissions Missing write access to /Users/GonzaloZiadi/.node/lib/node_modules/bower/node_modules/glob/node_modules/inflight/node_modules
366 warn checkPermissions Missing write access to /Users/GonzaloZiadi/.node/lib/node_modules/bower/node_modules/glob/node_modules
367 warn checkPermissions Missing write access to /Users/GonzaloZiadi/.node/lib/node_modules/bower/node_modules/glob/node_modules/minimatch/node_modules/brace-expansion/node_modules
368 warn checkPermissions Missing write access to /Users/GonzaloZiadi/.node/lib/node_modules/bower/node_modules/glob/node_modules/minimatch/node_modules
369 warn checkPermissions Missing write access to /Users/GonzaloZiadi/.node/lib/node_modules/bower/node_modules/glob/node_modules/once/node_modules
370 warn checkPermissions Missing write access to /Users/GonzaloZiadi/.node/lib/node_modules/bower/node_modules/handlebars/node_modules/optimist/node_modules
371 warn checkPermissions Missing write access to /Users/GonzaloZiadi/.node/lib/node_modules/bower/node_modules/handlebars/node_modules
372 warn checkPermissions Missing write access to /Users/GonzaloZiadi/.node/lib/node_modules/bower/node_modules/handlebars/node_modules/uglify-js/node_modules
373 warn checkPermissions Missing write access to /Users/GonzaloZiadi/.node/lib/node_modules/bower/node_modules/handlebars/node_modules/uglify-js/node_modules/source-map/node_modules
374 warn checkPermissions Missing write access to /Users/GonzaloZiadi/.node/lib/node_modules/bower/node_modules/inquirer/node_modules
375 warn checkPermissions Missing write access to /Users/GonzaloZiadi/.node/lib/node_modules/bower/node_modules/inquirer/node_modules/cli-cursor/node_modules/restore-cursor/node_modules
376 warn checkPermissions Missing write access to /Users/GonzaloZiadi/.node/lib/node_modules/bower/node_modules/inquirer/node_modules/cli-cursor/node_modules
377 warn checkPermissions Missing write access to /Users/GonzaloZiadi/.node/lib/node_modules/bower/node_modules/inquirer/node_modules/readline2/node_modules/code-point-at/node_modules
378 warn checkPermissions Missing write access to /Users/GonzaloZiadi/.node/lib/node_modules/bower/node_modules/inquirer/node_modules/readline2/node_modules
379 warn checkPermissions Missing write access to /Users/GonzaloZiadi/.node/lib/node_modules/bower/node_modules/inquirer/node_modules/readline2/node_modules/is-fullwidth-code-point/node_modules
380 warn checkPermissions Missing write access to /Users/GonzaloZiadi/.node/lib/node_modules/bower/node_modules/inquirer/node_modules/run-async/node_modules/once/node_modules
381 warn checkPermissions Missing write access to /Users/GonzaloZiadi/.node/lib/node_modules/bower/node_modules/inquirer/node_modules/run-async/node_modules
382 warn checkPermissions Missing write access to /Users/GonzaloZiadi/.node/lib/node_modules/bower/node_modules/insight/node_modules
383 warn checkPermissions Missing write access to /Users/GonzaloZiadi/.node/lib/node_modules/bower/node_modules/insight/node_modules/configstore/node_modules
384 warn checkPermissions Missing write access to /Users/GonzaloZiadi/.node/lib/node_modules/bower/node_modules/insight/node_modules/configstore/node_modules/osenv/node_modules
385 warn checkPermissions Missing write access to /Users/GonzaloZiadi/.node/lib/node_modules/bower/node_modules/insight/node_modules/configstore/node_modules/write-file-atomic/node_modules
386 warn checkPermissions Missing write access to /Users/GonzaloZiadi/.node/lib/node_modules/bower/node_modules/insight/node_modules/configstore/node_modules/xdg-basedir/node_modules
387 warn checkPermissions Missing write access to /Users/GonzaloZiadi/.node/lib/node_modules/bower/node_modules/insight/node_modules/lodash.debounce/node_modules
388 warn checkPermissions Missing write access to /Users/GonzaloZiadi/.node/lib/node_modules/bower/node_modules/insight/node_modules/os-name/node_modules/osx-release/node_modules
389 warn checkPermissions Missing write access to /Users/GonzaloZiadi/.node/lib/node_modules/bower/node_modules/insight/node_modules/os-name/node_modules
390 warn checkPermissions Missing write access to /Users/GonzaloZiadi/.node/lib/node_modules/bower/node_modules/insight/node_modules/os-name/node_modules/win-release/node_modules
391 warn checkPermissions Missing write access to /Users/GonzaloZiadi/.node/lib/node_modules/bower/node_modules/md5-hex/node_modules
392 warn checkPermissions Missing write access to /Users/GonzaloZiadi/.node/lib/node_modules/bower/node_modules/mkdirp/node_modules
393 warn checkPermissions Missing write access to /Users/GonzaloZiadi/.node/lib/node_modules/bower/node_modules/p-throttler/node_modules
394 warn checkPermissions Missing write access to /Users/GonzaloZiadi/.node/lib/node_modules/bower/node_modules/promptly/node_modules/read/node_modules
395 warn checkPermissions Missing write access to /Users/GonzaloZiadi/.node/lib/node_modules/bower/node_modules/promptly/node_modules
396 warn checkPermissions Missing write access to /Users/GonzaloZiadi/.node/lib/node_modules/bower/node_modules/request-progress/node_modules
397 warn checkPermissions Missing write access to /Users/GonzaloZiadi/.node/lib/node_modules/bower/node_modules/request/node_modules
398 warn checkPermissions Missing write access to /Users/GonzaloZiadi/.node/lib/node_modules/bower/node_modules/request/node_modules/bl/node_modules/readable-stream/node_modules
399 warn checkPermissions Missing write access to /Users/GonzaloZiadi/.node/lib/node_modules/bower/node_modules/request/node_modules/bl/node_modules
400 warn checkPermissions Missing write access to /Users/GonzaloZiadi/.node/lib/node_modules/bower/node_modules/request/node_modules/combined-stream/node_modules
401 warn checkPermissions Missing write access to /Users/GonzaloZiadi/.node/lib/node_modules/bower/node_modules/request/node_modules/hawk/node_modules
402 warn checkPermissions Missing write access to /Users/GonzaloZiadi/.node/lib/node_modules/bower/node_modules/request/node_modules/form-data/node_modules
403 warn checkPermissions Missing write access to /Users/GonzaloZiadi/.node/lib/node_modules/bower/node_modules/request/node_modules/http-signature/node_modules
404 warn checkPermissions Missing write access to /Users/GonzaloZiadi/.node/lib/node_modules/bower/node_modules/request/node_modules/mime-types/node_modules
405 warn checkPermissions Missing write access to /Users/GonzaloZiadi/.node/lib/node_modules/bower/node_modules/rimraf/node_modules/glob/node_modules
406 warn checkPermissions Missing write access to /Users/GonzaloZiadi/.node/lib/node_modules/bower/node_modules/rimraf/node_modules/glob/node_modules/inflight/node_modules
407 warn checkPermissions Missing write access to /Users/GonzaloZiadi/.node/lib/node_modules/bower/node_modules/rimraf/node_modules/glob/node_modules/minimatch/node_modules/brace-expansion/node_modules
408 warn checkPermissions Missing write access to /Users/GonzaloZiadi/.node/lib/node_modules/bower/node_modules/rimraf/node_modules/glob/node_modules/minimatch/node_modules
409 warn checkPermissions Missing write access to /Users/GonzaloZiadi/.node/lib/node_modules/bower/node_modules/rimraf/node_modules/glob/node_modules/once/node_modules
410 warn checkPermissions Missing write access to /Users/GonzaloZiadi/.node/lib/node_modules/bower/node_modules/rimraf/node_modules
411 warn checkPermissions Missing write access to /Users/GonzaloZiadi/.node/lib/node_modules/bower/node_modules/shell-quote/node_modules
412 warn checkPermissions Missing write access to /Users/GonzaloZiadi/.node/lib/node_modules/bower/node_modules/tar-fs/node_modules/pump/node_modules/once/node_modules
413 warn checkPermissions Missing write access to /Users/GonzaloZiadi/.node/lib/node_modules/bower/node_modules/tar-fs/node_modules/pump/node_modules
414 warn checkPermissions Missing write access to /Users/GonzaloZiadi/.node/lib/node_modules/bower/node_modules/tar-fs/node_modules
415 warn checkPermissions Missing write access to /Users/GonzaloZiadi/.node/lib/node_modules/bower/node_modules/tar-fs/node_modules/tar-stream/node_modules/end-of-stream/node_modules/once/node_modules
416 warn checkPermissions Missing write access to /Users/GonzaloZiadi/.node/lib/node_modules/bower/node_modules/tar-fs/node_modules/tar-stream/node_modules/end-of-stream/node_modules
417 warn checkPermissions Missing write access to /Users/GonzaloZiadi/.node/lib/node_modules/bower/node_modules/tar-fs/node_modules/tar-stream/node_modules
418 warn checkPermissions Missing write access to /Users/GonzaloZiadi/.node/lib/node_modules/bower/node_modules/tar-fs/node_modules/tar-stream/node_modules/readable-stream/node_modules
419 warn checkPermissions Missing write access to /Users/GonzaloZiadi/.node/lib/node_modules/bower/node_modules/update-notifier/node_modules
420 warn checkPermissions Missing write access to /Users/GonzaloZiadi/.node/lib/node_modules/bower/node_modules/update-notifier/node_modules/latest-version/node_modules/package-json/node_modules/got/node_modules/duplexify/node_modules/end-of-stream/node_modules/once/node_modules
421 warn checkPermissions Missing write access to /Users/GonzaloZiadi/.node/lib/node_modules/bower/node_modules/update-notifier/node_modules/latest-version/node_modules/package-json/node_modules/got/node_modules/duplexify/node_modules/end-of-stream/node_modules
422 warn checkPermissions Missing write access to /Users/GonzaloZiadi/.node/lib/node_modules/bower/node_modules/update-notifier/node_modules/latest-version/node_modules/package-json/node_modules/got/node_modules/duplexify/node_modules
423 warn checkPermissions Missing write access to /Users/GonzaloZiadi/.node/lib/node_modules/bower/node_modules/update-notifier/node_modules/latest-version/node_modules/package-json/node_modules/got/node_modules/duplexify/node_modules/readable-stream/node_modules
424 warn checkPermissions Missing write access to /Users/GonzaloZiadi/.node/lib/node_modules/bower/node_modules/update-notifier/node_modules/latest-version/node_modules/package-json/node_modules/got/node_modules
425 warn checkPermissions Missing write access to /Users/GonzaloZiadi/.node/lib/node_modules/bower/node_modules/update-notifier/node_modules/latest-version/node_modules/package-json/node_modules/got/node_modules/nested-error-stacks/node_modules
426 warn checkPermissions Missing write access to /Users/GonzaloZiadi/.node/lib/node_modules/bower/node_modules/update-notifier/node_modules/latest-version/node_modules/package-json/node_modules/got/node_modules/read-all-stream/node_modules/pinkie-promise/node_modules
427 warn checkPermissions Missing write access to /Users/GonzaloZiadi/.node/lib/node_modules/bower/node_modules/update-notifier/node_modules/latest-version/node_modules/package-json/node_modules/got/node_modules/read-all-stream/node_modules
428 warn checkPermissions Missing write access to /Users/GonzaloZiadi/.node/lib/node_modules/bower/node_modules/update-notifier/node_modules/latest-version/node_modules/package-json/node_modules/got/node_modules/read-all-stream/node_modules/readable-stream/node_modules
429 warn checkPermissions Missing write access to /Users/GonzaloZiadi/.node/lib/node_modules/bower/node_modules/update-notifier/node_modules/latest-version/node_modules/package-json/node_modules
430 warn checkPermissions Missing write access to /Users/GonzaloZiadi/.node/lib/node_modules/bower/node_modules/update-notifier/node_modules/latest-version/node_modules/package-json/node_modules/registry-url/node_modules/rc/node_modules
431 warn checkPermissions Missing write access to /Users/GonzaloZiadi/.node/lib/node_modules/bower/node_modules/update-notifier/node_modules/latest-version/node_modules/package-json/node_modules/registry-url/node_modules
432 warn checkPermissions Missing write access to /Users/GonzaloZiadi/.node/lib/node_modules/bower/node_modules/update-notifier/node_modules/latest-version/node_modules
433 warn checkPermissions Missing write access to /Users/GonzaloZiadi/.node/lib/node_modules/bower/node_modules/update-notifier/node_modules/semver-diff/node_modules
434 warn checkPermissions Missing write access to /Users/GonzaloZiadi/.node/lib/node_modules/bower/node_modules/update-notifier/node_modules/string-length/node_modules/strip-ansi/node_modules
435 warn checkPermissions Missing write access to /Users/GonzaloZiadi/.node/lib/node_modules/bower/node_modules/update-notifier/node_modules/string-length/node_modules
436 warn checkPermissions Missing write access to /Users/GonzaloZiadi/.node/lib/node_modules/bower/node_modules/which/node_modules/is-absolute/node_modules
437 warn checkPermissions Missing write access to /Users/GonzaloZiadi/.node/lib/node_modules/bower/node_modules/which/node_modules
438 silly rollbackFailedOptional Starting
439 silly rollbackFailedOptional Finishing
440 silly runTopLevelLifecycles Starting
441 silly runTopLevelLifecycles Finishing
442 silly install printInstalled
443 verbose stack Error: EACCES: permission denied, access '/Users/GonzaloZiadi/.node/lib/node_modules/bower/node_modules/archy'
443 verbose stack     at Error (native)
444 verbose cwd /Users/GonzaloZiadi/Desktop/AmexMaster
445 error Darwin 15.6.0
446 error argv "/usr/local/bin/node" "/Users/GonzaloZiadi/.node/bin/npm" "install" "-g" "bower"
447 error node v4.4.7
448 error npm  v3.5.2
449 error path /Users/GonzaloZiadi/.node/lib/node_modules/bower/node_modules/archy
450 error code EACCES
451 error errno -13
452 error syscall access
453 error Error: EACCES: permission denied, access '/Users/GonzaloZiadi/.node/lib/node_modules/bower/node_modules/archy'
453 error     at Error (native)
453 error  { [Error: EACCES: permission denied, access '/Users/GonzaloZiadi/.node/lib/node_modules/bower/node_modules/archy']
453 error   errno: -13,
453 error   code: 'EACCES',
453 error   syscall: 'access',
453 error   path: '/Users/GonzaloZiadi/.node/lib/node_modules/bower/node_modules/archy' }
454 error Please try running this command again as root/Administrator.
455 verbose exit [ -13, true ]
